#------------------------------------------------------------
#
# Basic Synthesis Script (TCL format)
#                                  
# Revision History                
#   1/15/03  : Author Shane T. Gehring - from class example
#   2/09/07  : Author Zhengtao Yu      - from class example
#   12/14/07 : Author Ravi Jenkal      - updated to 180 nm & tcl
#
#------------------------------------------------------------
#---------------------------------------------------------
# Read in Verilog file and map (synthesize) onto a generic
# library.
# MAKE SURE THAT YOU CORRECT ALL WARNINGS THAT APPEAR
# during the execution of the read command are fixed 
# or understood to have no impact.
# ALSO CHECK your latch/flip-flop list for unintended 
# latches                                            
#---------------------------------------------------------
read_verilog -rtl $::env(RTL_FILES)
Error: Required argument 'file_list' was not found (CMD-007)
read_sverilog -rtl $::env(RTL_SV_FILES)
Loading db file '/mnt/coe/workspace/ece/ece720-common/tech/nangate/NangateOpenCellLibrary_PDKv1_2_v2008_10/liberty/520/NangateOpenCellLibrary_PDKv1_2_v2008_10_slow_nldm.db'
Loading db file '/mnt/apps/public/COE/synopsys_apps/syn/T-2022.03-SP4/libraries/syn/dw_foundation.sldb'
Loading db file '/mnt/apps/public/COE/synopsys_apps/syn/T-2022.03-SP4/libraries/syn/gtech.db'
Loading db file '/mnt/apps/public/COE/synopsys_apps/syn/T-2022.03-SP4/libraries/syn/standard.sldb'
  Loading link library 'NangateOpenCellLibrary_PDKv1_2_v2008_10_slow_nldm'
  Loading link library 'gtech'
Loading sverilog file '/mnt/ncsudrive/v/vchiluk3/ece564/ece564_project_final/ece564_transformer_self_attention/rtl/dut.sv'
Running PRESTO HDLC
Compiling source file /mnt/ncsudrive/v/vchiluk3/ece564/ece564_project_final/ece564_transformer_self_attention/rtl/dut.sv
Opening include file /mnt/ncsudrive/v/vchiluk3/ece564/ece564_project_final/ece564_transformer_self_attention/rtl/common.vh
Warning: Could not open default SVF file /mnt/ncsudrive/v/vchiluk3/ece564/ece564_project_final/ece564_transformer_self_attention/synthesis/svf/default.svf for writing.

Statistics for case statements in always block at line 84 in file
	'/mnt/ncsudrive/v/vchiluk3/ece564/ece564_project_final/ece564_transformer_self_attention/rtl/dut.sv'
===============================================
|           Line           |  full/ parallel  |
===============================================
|            85            |    auto/auto     |
===============================================

Statistics for case statements in always block at line 115 in file
	'/mnt/ncsudrive/v/vchiluk3/ece564/ece564_project_final/ece564_transformer_self_attention/rtl/dut.sv'
===============================================
|           Line           |  full/ parallel  |
===============================================
|           127            |     no/auto      |
===============================================

Inferred memory devices in process
	in routine MyDesign line 77 in file
		'/mnt/ncsudrive/v/vchiluk3/ece564/ece564_project_final/ece564_transformer_self_attention/rtl/dut.sv'.
===============================================================================
|    Register Name    |   Type    | Width | Bus | MB | AR | AS | SR | SS | ST |
===============================================================================
|  current_state_reg  | Flip-flop |   4   |  Y  | N  | Y  | N  | N  | N  | N  |
===============================================================================

Inferred memory devices in process
	in routine MyDesign line 115 in file
		'/mnt/ncsudrive/v/vchiluk3/ece564/ece564_project_final/ece564_transformer_self_attention/rtl/dut.sv'.
======================================================================================================
|               Register Name                |   Type    | Width | Bus | MB | AR | AS | SR | SS | ST |
======================================================================================================
|   dut__tb__sram_result_read_address_reg    | Flip-flop |  16   |  Y  | N  | N  | N  | N  | N  | N  |
|    dut__tb__sram_input_read_address_reg    | Flip-flop |  16   |  Y  | N  | Y  | N  | N  | N  | N  |
|   dut__tb__sram_weight_read_address_reg    | Flip-flop |  16   |  Y  | N  | Y  | N  | N  | N  | N  |
|   dut__tb__sram_result_write_enable_reg    | Flip-flop |   1   |  N  | N  | Y  | N  | N  | N  | N  |
| dut__tb__sram_scratchpad_write_enable_reg  | Flip-flop |   1   |  N  | N  | Y  | N  | N  | N  | N  |
|             A_row_counter_reg              | Flip-flop |  16   |  Y  | N  | Y  | N  | N  | N  | N  |
|            B_column_counter_reg            | Flip-flop |  16   |  Y  | N  | Y  | N  | N  | N  | N  |
|            element_counter_reg             | Flip-flop |  16   |  Y  | N  | Y  | N  | N  | N  | N  |
|             multiply_accum_reg             | Flip-flop |  32   |  Y  | N  | Y  | N  | N  | N  | N  |
|              dut_ready_r_reg               | Flip-flop |   1   |  N  | N  | N  | Y  | N  | N  | N  |
| dut__tb__sram_scratchpad_read_address_reg  | Flip-flop |  16   |  Y  | N  | N  | N  | N  | N  | N  |
|                 A_rows_reg                 | Flip-flop |  16   |  Y  | N  | N  | N  | N  | N  | N  |
|                 A_cols_reg                 | Flip-flop |  16   |  Y  | N  | N  | N  | N  | N  | N  |
|                 B_rows_reg                 | Flip-flop |  16   |  Y  | N  | N  | N  | N  | N  | N  |
|                 B_cols_reg                 | Flip-flop |  16   |  Y  | N  | N  | N  | N  | N  | N  |
|   dut__tb__sram_result_write_address_reg   | Flip-flop |  16   |  Y  | N  | N  | N  | N  | N  | N  |
|    dut__tb__sram_result_write_data_reg     | Flip-flop |  32   |  Y  | N  | N  | N  | N  | N  | N  |
| dut__tb__sram_scratchpad_write_address_reg | Flip-flop |  16   |  Y  | N  | N  | N  | N  | N  | N  |
|  dut__tb__sram_scratchpad_write_data_reg   | Flip-flop |  32   |  Y  | N  | N  | N  | N  | N  | N  |
======================================================================================================
Presto compilation completed successfully.
Current design is now '/mnt/ncsudrive/v/vchiluk3/ece564/ece564_project_final/ece564_transformer_self_attention/rtl/MyDesign.db:MyDesign'
Loaded 1 design.
Current design is 'MyDesign'.
MyDesign
